\BOOKMARK [0][-]{chapter.1}{Introducci\363n}{}% 1
\BOOKMARK [1][-]{section.1.1}{Planteamiento del problema}{chapter.1}% 2
\BOOKMARK [1][-]{section.1.2}{Objetivo general}{chapter.1}% 3
\BOOKMARK [1][-]{section.1.3}{Objetivos espec\355ficos}{chapter.1}% 4
\BOOKMARK [0][-]{chapter.2}{Justificaci\363n}{}% 5
\BOOKMARK [1][-]{section.2.1}{\302\277Porqu\351 una aplicaci\363n m\363vil?}{chapter.2}% 6
\BOOKMARK [2][-]{subsection.2.1.1}{Las TIC en la educaci\363n}{section.2.1}% 7
\BOOKMARK [2][-]{subsection.2.1.2}{M-Learning en la educaci\363n}{section.2.1}% 8
\BOOKMARK [2][-]{subsection.2.1.3}{La importancia de la programaci\363n orientada a objetos}{section.2.1}% 9
\BOOKMARK [1][-]{section.2.2}{\302\277D\363nde se aplicar\341?}{chapter.2}% 10
\BOOKMARK [0][-]{chapter.3}{Marco te\363rico}{}% 11
\BOOKMARK [1][-]{section.3.1}{Herramientas utilizadas}{chapter.3}% 12
\BOOKMARK [0][-]{chapter.4}{Metodolog\355a de desarrollo y calid\341d}{}% 13
\BOOKMARK [1][-]{section.4.1}{An\341lisis}{chapter.4}% 14
\BOOKMARK [2][-]{subsection.4.1.1}{Requerimientos funcionales}{section.4.1}% 15
\BOOKMARK [2][-]{subsection.4.1.2}{Requerimientos no funcionales}{section.4.1}% 16
\BOOKMARK [1][-]{section.4.2}{Dise\361o}{chapter.4}% 17
\BOOKMARK [2][-]{subsection.4.2.1}{Casos de uso}{section.4.2}% 18
\BOOKMARK [2][-]{subsection.4.2.2}{Mockup}{section.4.2}% 19
\BOOKMARK [2][-]{subsection.4.2.3}{Diagrama de navegabilidad}{section.4.2}% 20
\BOOKMARK [2][-]{subsection.4.2.4}{Diagrama entidad-relaci\363n}{section.4.2}% 21
\BOOKMARK [1][-]{section.4.3}{Programaci\363n}{chapter.4}% 22
\BOOKMARK [1][-]{section.4.4}{Implementaci\363n}{chapter.4}% 23
\BOOKMARK [1][-]{section.4.5}{Purebas}{chapter.4}% 24
\BOOKMARK [1][-]{section.4.6}{Mantenimiento}{chapter.4}% 25
\BOOKMARK [0][-]{chapter.5}{Resultados}{}% 26
\BOOKMARK [1][-]{section.5.1}{Pantallas}{chapter.5}% 27
\BOOKMARK [0][-]{chapter.6}{Conclusi\363nes}{}% 28
\BOOKMARK [1][-]{section.6.1}{Juan Daniel Soto Dimas}{chapter.6}% 29
\BOOKMARK [1][-]{section.6.2}{Miguel \301ngel Vite Hern\341ndez}{chapter.6}% 30
\BOOKMARK [1][-]{section.6.3}{Juan Antonio Ayola Cortes}{chapter.6}% 31
